# JRE version: Java(TM) SE Runtime Environment (8.0_191-b12) (build 1.8.0_191-b12)
# Java VM: Java HotSpot(TM) Client VM (25.191-b12 mixed mode windows-x86 )
Heap:
 def new generation   total 157248K, used 157247K [0x04c00000, 0x0f6a0000, 0x0f6a0000)
  eden space 139776K, 100% used [0x04c00000, 0x0d480000, 0x0d480000)
  from space 17472K,  99% used [0x0d480000, 0x0e58ffc8, 0x0e590000)
  to   space 17472K,   0% used [0x0e590000, 0x0e590000, 0x0f6a0000)
 tenured generation   total 349568K, used 349568K [0x0f6a0000, 0x24c00000, 0x24c00000)
   the space 349568K, 100% used [0x0f6a0000, 0x24c00000, 0x24c00000, 0x24c00000)
 Metaspace       used 25764K, capacity 26291K, committed 26496K, reserved 27008K
GC Heap History (10 events):
Event: 70501.724 GC heap before
{Heap before GC invocations=7035 (full 2682):
 def new generation   total 157248K, used 157247K [0x04c00000, 0x0f6a0000, 0x0f6a0000)
  eden space 139776K,  99% used [0x04c00000, 0x0d47fed0, 0x0d480000)
  from space 17472K,  99% used [0x0d480000, 0x0e58ff68, 0x0e590000)
  to   space 17472K,   0% used [0x0e590000, 0x0e590000, 0x0f6a0000)
 tenured generation   total 349568K, used 349567K [0x0f6a0000, 0x24c00000, 0x24c00000)
   the space 349568K,  99% used [0x0f6a0000, 0x24bffff8, 0x24c00000, 0x24c00000)
 Metaspace       used 25764K, capacity 26291K, committed 26496K, reserved 27008K
Event: 70502.359 GC heap after
Heap after GC invocations=7036 (full 2683):
 def new generation   total 157248K, used 157247K [0x04c00000, 0x0f6a0000, 0x0f6a0000)
  eden space 139776K,  99% used [0x04c00000, 0x0d47fed0, 0x0d480000)
  from space 17472K,  99% used [0x0d480000, 0x0e58ff68, 0x0e590000)
  to   space 17472K,   0% used [0x0e590000, 0x0e590000, 0x0f6a0000)
 tenured generation   total 349568K, used 349567K [0x0f6a0000, 0x24c00000, 0x24c00000)
   the space 349568K,  99% used [0x0f6a0000, 0x24bfffe0, 0x24c00000, 0x24c00000)
 Metaspace       used 25764K, capacity 26291K, committed 26496K, reserved 27008K
}
Event: 70502.359 GC heap before
{Heap before GC invocations=7036 (full 2683):
 def new generation   total 157248K, used 157247K [0x04c00000, 0x0f6a0000, 0x0f6a0000)
  eden space 139776K, 100% used [0x04c00000, 0x0d480000, 0x0d480000)
  from space 17472K,  99% used [0x0d480000, 0x0e58ff88, 0x0e590000)
  to   space 17472K,   0% used [0x0e590000, 0x0e590000, 0x0f6a0000)
 tenured generation   total 349568K, used 349567K [0x0f6a0000, 0x24c00000, 0x24c00000)
   the space 349568K,  99% used [0x0f6a0000, 0x24bfffe0, 0x24c00000, 0x24c00000)
 Metaspace       used 25764K, capacity 26291K, committed 26496K, reserved 27008K
Event: 70502.970 GC heap after
Heap after GC invocations=7037 (full 2684):
 def new generation   total 157248K, used 157247K [0x04c00000, 0x0f6a0000, 0x0f6a0000)
  eden space 139776K,  99% used [0x04c00000, 0x0d47ff40, 0x0d480000)
  from space 17472K,  99% used [0x0d480000, 0x0e58ff88, 0x0e590000)
  to   space 17472K,   0% used [0x0e590000, 0x0e590000, 0x0f6a0000)
 tenured generation   total 349568K, used 349567K [0x0f6a0000, 0x24c00000, 0x24c00000)
   the space 349568K,  99% used [0x0f6a0000, 0x24bfffe0, 0x24c00000, 0x24c00000)
 Metaspace       used 25764K, capacity 26291K, committed 26496K, reserved 27008K
}
Event: 70502.970 GC heap before
{Heap before GC invocations=7037 (full 2684):
 def new generation   total 157248K, used 157247K [0x04c00000, 0x0f6a0000, 0x0f6a0000)
  eden space 139776K,  99% used [0x04c00000, 0x0d47ff40, 0x0d480000)
  from space 17472K,  99% used [0x0d480000, 0x0e58ff88, 0x0e590000)
  to   space 17472K,   0% used [0x0e590000, 0x0e590000, 0x0f6a0000)
 tenured generation   total 349568K, used 349567K [0x0f6a0000, 0x24c00000, 0x24c00000)
   the space 349568K,  99% used [0x0f6a0000, 0x24bfffe0, 0x24c00000, 0x24c00000)
 Metaspace       used 25764K, capacity 26291K, committed 26496K, reserved 27008K
Event: 70503.550 GC heap after
Heap after GC invocations=7038 (full 2685):
 def new generation   total 157248K, used 157247K [0x04c00000, 0x0f6a0000, 0x0f6a0000)
  eden space 139776K,  99% used [0x04c00000, 0x0d47ff40, 0x0d480000)
  from space 17472K,  99% used [0x0d480000, 0x0e58ff88, 0x0e590000)
  to   space 17472K,   0% used [0x0e590000, 0x0e590000, 0x0f6a0000)
 tenured generation   total 349568K, used 349567K [0x0f6a0000, 0x24c00000, 0x24c00000)
   the space 349568K,  99% used [0x0f6a0000, 0x24bfffe0, 0x24c00000, 0x24c00000)
 Metaspace       used 25764K, capacity 26291K, committed 26496K, reserved 27008K
}
Event: 70503.551 GC heap before
{Heap before GC invocations=7038 (full 2685):
 def new generation   total 157248K, used 157247K [0x04c00000, 0x0f6a0000, 0x0f6a0000)
  eden space 139776K, 100% used [0x04c00000, 0x0d480000, 0x0d480000)
  from space 17472K,  99% used [0x0d480000, 0x0e58ffd8, 0x0e590000)
  to   space 17472K,   0% used [0x0e590000, 0x0e590000, 0x0f6a0000)
 tenured generation   total 349568K, used 349567K [0x0f6a0000, 0x24c00000, 0x24c00000)
   the space 349568K,  99% used [0x0f6a0000, 0x24bfffe0, 0x24c00000, 0x24c00000)
 Metaspace       used 25764K, capacity 26291K, committed 26496K, reserved 27008K
Event: 70504.143 GC heap after
Heap after GC invocations=7039 (full 2686):
 def new generation   total 157248K, used 157247K [0x04c00000, 0x0f6a0000, 0x0f6a0000)
  eden space 139776K,  99% used [0x04c00000, 0x0d47ffd0, 0x0d480000)
  from space 17472K,  99% used [0x0d480000, 0x0e58ff88, 0x0e590000)
  to   space 17472K,   0% used [0x0e590000, 0x0e590000, 0x0f6a0000)
 tenured generation   total 349568K, used 349567K [0x0f6a0000, 0x24c00000, 0x24c00000)
   the space 349568K,  99% used [0x0f6a0000, 0x24bfffe0, 0x24c00000, 0x24c00000)
 Metaspace       used 25764K, capacity 26291K, committed 26496K, reserved 27008K
}
Event: 70504.143 GC heap before
{Heap before GC invocations=7039 (full 2686):
 def new generation   total 157248K, used 157247K [0x04c00000, 0x0f6a0000, 0x0f6a0000)
  eden space 139776K, 100% used [0x04c00000, 0x0d480000, 0x0d480000)
  from space 17472K,  99% used [0x0d480000, 0x0e58fff8, 0x0e590000)
  to   space 17472K,   0% used [0x0e590000, 0x0e590000, 0x0f6a0000)
 tenured generation   total 349568K, used 349568K [0x0f6a0000, 0x24c00000, 0x24c00000)
   the space 349568K, 100% used [0x0f6a0000, 0x24c00000, 0x24c00000, 0x24c00000)
 Metaspace       used 25764K, capacity 26291K, committed 26496K, reserved 27008K
Event: 70504.740 GC heap after
Heap after GC invocations=7040 (full 2687):
 def new generation   total 157248K, used 157243K [0x04c00000, 0x0f6a0000, 0x0f6a0000)
  eden space 139776K,  99% used [0x04c00000, 0x0d47ffb8, 0x0d480000)
  from space 17472K,  99% used [0x0d480000, 0x0e58ed38, 0x0e590000)
  to   space 17472K,   0% used [0x0e590000, 0x0e590000, 0x0f6a0000)
 tenured generation   total 349568K, used 349568K [0x0f6a0000, 0x24c00000, 0x24c00000)
   the space 349568K, 100% used [0x0f6a0000, 0x24c00000, 0x24c00000, 0x24c00000)
 Metaspace       used 25764K, capacity 26291K, committed 26496K, reserved 27008K
}

